The system is: Linux - 5.15.0-113-generic - x86_64
Compiling the C compiler identification source file "CMakeCCompilerId.c" succeeded.
Compiler: /home/yongjian/anaconda3/envs/yongjian_conda/bin/cc 
Build flags: 
Id flags:  

The output was:
0


Compilation of the C compiler identification source "CMakeCCompilerId.c" produced "a.out"

The C compiler identification is GNU, found in "/home/yongjian/Yongjian_data/my_python/pythonknot/src/cpp_module/ginac/build/CMakeFiles/3.16.3/CompilerIdC/a.out"

Compiling the CXX compiler identification source file "CMakeCXXCompilerId.cpp" succeeded.
Compiler: /usr/bin/c++ 
Build flags: 
Id flags:  

The output was:
0


Compilation of the CXX compiler identification source "CMakeCXXCompilerId.cpp" produced "a.out"

The CXX compiler identification is GNU, found in "/home/yongjian/Yongjian_data/my_python/pythonknot/src/cpp_module/ginac/build/CMakeFiles/3.16.3/CompilerIdCXX/a.out"

Determining if the C compiler works passed with the following output:
Change Dir: /home/yongjian/Yongjian_data/my_python/pythonknot/src/cpp_module/ginac/build/CMakeFiles/CMakeTmp

Run Build Command(s):/usr/bin/make cmTC_66f06/fast && /usr/bin/make -f CMakeFiles/cmTC_66f06.dir/build.make CMakeFiles/cmTC_66f06.dir/build
make[1]: Entering directory '/home/yongjian/Yongjian_data/my_python/pythonknot/src/cpp_module/ginac/build/CMakeFiles/CMakeTmp'
Building C object CMakeFiles/cmTC_66f06.dir/testCCompiler.c.o
/home/yongjian/anaconda3/envs/yongjian_conda/bin/cc    -o CMakeFiles/cmTC_66f06.dir/testCCompiler.c.o   -c /home/yongjian/Yongjian_data/my_python/pythonknot/src/cpp_module/ginac/build/CMakeFiles/CMakeTmp/testCCompiler.c
Linking C executable cmTC_66f06
/usr/bin/cmake -E cmake_link_script CMakeFiles/cmTC_66f06.dir/link.txt --verbose=1
/home/yongjian/anaconda3/envs/yongjian_conda/bin/cc      -rdynamic CMakeFiles/cmTC_66f06.dir/testCCompiler.c.o  -o cmTC_66f06 
make[1]: Leaving directory '/home/yongjian/Yongjian_data/my_python/pythonknot/src/cpp_module/ginac/build/CMakeFiles/CMakeTmp'



Detecting C compiler ABI info compiled with the following output:
Change Dir: /home/yongjian/Yongjian_data/my_python/pythonknot/src/cpp_module/ginac/build/CMakeFiles/CMakeTmp

Run Build Command(s):/usr/bin/make cmTC_dd85a/fast && /usr/bin/make -f CMakeFiles/cmTC_dd85a.dir/build.make CMakeFiles/cmTC_dd85a.dir/build
make[1]: Entering directory '/home/yongjian/Yongjian_data/my_python/pythonknot/src/cpp_module/ginac/build/CMakeFiles/CMakeTmp'
Building C object CMakeFiles/cmTC_dd85a.dir/CMakeCCompilerABI.c.o
/home/yongjian/anaconda3/envs/yongjian_conda/bin/cc   -v -o CMakeFiles/cmTC_dd85a.dir/CMakeCCompilerABI.c.o   -c /usr/share/cmake-3.16/Modules/CMakeCCompilerABI.c
Reading specs from /home/yongjian/anaconda3/envs/yongjian_conda/bin/../lib/gcc/x86_64-conda-linux-gnu/12.2.0/specs
could not find specs file conda.specs
COLLECT_GCC=/home/yongjian/anaconda3/envs/yongjian_conda/bin/cc
Target: x86_64-conda-linux-gnu
Configured with: ../configure --prefix=/home/conda/feedstock_root/build_artifacts/gcc_compilers_1666516830325/_h_env_placehold_placehold_placehold_placehold_placehold_placehold_placehold_placehold_placehold_placehold_placehold_placehold_placehold_placehold_placehold_placehold_placehold_placeho --with-slibdir=/home/conda/feedstock_root/build_artifacts/gcc_compilers_1666516830325/_h_env_placehold_placehold_placehold_placehold_placehold_placehold_placehold_placehold_placehold_placehold_placehold_placehold_placehold_placehold_placehold_placehold_placehold_placeho/lib --libdir=/home/conda/feedstock_root/build_artifacts/gcc_compilers_1666516830325/_h_env_placehold_placehold_placehold_placehold_placehold_placehold_placehold_placehold_placehold_placehold_placehold_placehold_placehold_placehold_placehold_placehold_placehold_placeho/lib --mandir=/home/conda/feedstock_root/build_artifacts/gcc_compilers_1666516830325/_h_env_placehold_placehold_placehold_placehold_placehold_placehold_placehold_placehold_placehold_placehold_placehold_placehold_placehold_placehold_placehold_placehold_placehold_placeho/man --build=x86_64-conda-linux-gnu --host=x86_64-conda-linux-gnu --target=x86_64-conda-linux-gnu --enable-default-pie --enable-languages=c,c++,fortran,objc,obj-c++ --enable-__cxa_atexit --disable-libmudflap --enable-libgomp --disable-libssp --enable-libquadmath --enable-libquadmath-support --enable-libsanitizer --enable-lto --enable-threads=posix --enable-target-optspace --enable-plugin --enable-gold --disable-nls --disable-bootstrap --disable-multilib --enable-long-long --with-sysroot=/home/conda/feedstock_root/build_artifacts/gcc_compilers_1666516830325/_h_env_placehold_placehold_placehold_placehold_placehold_placehold_placehold_placehold_placehold_placehold_placehold_placehold_placehold_placehold_placehold_placehold_placehold_placeho/x86_64-conda-linux-gnu/sysroot --with-build-sysroot=/home/conda/feedstock_root/build_artifacts/gcc_compilers_1666516830325/_build_env/x86_64-conda-linux-gnu/sysroot --with-gxx-include-dir=/home/conda/feedstock_root/build_artifacts/gcc_compilers_1666516830325/_h_env_placehold_placehold_placehold_placehold_placehold_placehold_placehold_placehold_placehold_placehold_placehold_placehold_placehold_placehold_placehold_placehold_placehold_placeho/x86_64-conda-linux-gnu/include/c++/12.2.0 --with-pkgversion='conda-forge gcc 12.2.0-19' --with-bugurl=https://github.com/conda-forge/ctng-compilers-feedstock/issues/new/choose
Thread model: posix
Supported LTO compression algorithms: zlib
gcc version 12.2.0 (conda-forge gcc 12.2.0-19) 
COLLECT_GCC_OPTIONS='-v' '-o' 'CMakeFiles/cmTC_dd85a.dir/CMakeCCompilerABI.c.o' '-c' '-mtune=generic' '-march=x86-64' '-dumpdir' 'CMakeFiles/cmTC_dd85a.dir/'
 /home/yongjian/anaconda3/envs/yongjian_conda/bin/../libexec/gcc/x86_64-conda-linux-gnu/12.2.0/cc1 -quiet -v -iprefix /home/yongjian/anaconda3/envs/yongjian_conda/bin/../lib/gcc/x86_64-conda-linux-gnu/12.2.0/ -isysroot /home/yongjian/anaconda3/envs/yongjian_conda/bin/../x86_64-conda-linux-gnu/sysroot /usr/share/cmake-3.16/Modules/CMakeCCompilerABI.c -quiet -dumpdir CMakeFiles/cmTC_dd85a.dir/ -dumpbase CMakeCCompilerABI.c.c -dumpbase-ext .c -mtune=generic -march=x86-64 -version -o /tmp/cch4MlC4.s
GNU C17 (conda-forge gcc 12.2.0-19) version 12.2.0 (x86_64-conda-linux-gnu)
	compiled by GNU C version 12.2.0, GMP version 6.2.1, MPFR version 4.1.0, MPC version 1.2.1, isl version isl-0.24-GMP

GGC heuristics: --param ggc-min-expand=100 --param ggc-min-heapsize=131072
ignoring nonexistent directory "/home/yongjian/anaconda3/envs/yongjian_conda/bin/../lib/gcc/x86_64-conda-linux-gnu/12.2.0/../../../../x86_64-conda-linux-gnu/include"
ignoring duplicate directory "/home/yongjian/anaconda3/envs/yongjian_conda/bin/../lib/gcc/../../lib/gcc/x86_64-conda-linux-gnu/12.2.0/include"
ignoring nonexistent directory "/home/yongjian/anaconda3/envs/yongjian_conda/bin/../x86_64-conda-linux-gnu/sysroot/usr/local/include"
ignoring duplicate directory "/home/yongjian/anaconda3/envs/yongjian_conda/bin/../lib/gcc/../../lib/gcc/x86_64-conda-linux-gnu/12.2.0/include-fixed"
ignoring nonexistent directory "/home/yongjian/anaconda3/envs/yongjian_conda/bin/../lib/gcc/../../lib/gcc/x86_64-conda-linux-gnu/12.2.0/../../../../x86_64-conda-linux-gnu/include"
#include "..." search starts here:
#include <...> search starts here:
 /home/yongjian/anaconda3/envs/yongjian_conda/bin/../lib/gcc/x86_64-conda-linux-gnu/12.2.0/include
 /home/yongjian/anaconda3/envs/yongjian_conda/bin/../lib/gcc/x86_64-conda-linux-gnu/12.2.0/include-fixed
 /home/yongjian/anaconda3/envs/yongjian_conda/bin/../x86_64-conda-linux-gnu/sysroot/usr/include
End of search list.
GNU C17 (conda-forge gcc 12.2.0-19) version 12.2.0 (x86_64-conda-linux-gnu)
	compiled by GNU C version 12.2.0, GMP version 6.2.1, MPFR version 4.1.0, MPC version 1.2.1, isl version isl-0.24-GMP

GGC heuristics: --param ggc-min-expand=100 --param ggc-min-heapsize=131072
Compiler executable checksum: 66c3f6ff7356c595b547cfa7e011e881
COLLECT_GCC_OPTIONS='-v' '-o' 'CMakeFiles/cmTC_dd85a.dir/CMakeCCompilerABI.c.o' '-c' '-mtune=generic' '-march=x86-64' '-dumpdir' 'CMakeFiles/cmTC_dd85a.dir/'
 /home/yongjian/anaconda3/envs/yongjian_conda/bin/../lib/gcc/x86_64-conda-linux-gnu/12.2.0/../../../../x86_64-conda-linux-gnu/bin/as -v --64 -o CMakeFiles/cmTC_dd85a.dir/CMakeCCompilerABI.c.o /tmp/cch4MlC4.s
GNU assembler version 2.39 (x86_64-conda-linux-gnu) using BFD version (GNU Binutils) 2.39
COMPILER_PATH=/home/yongjian/anaconda3/envs/yongjian_conda/bin/../libexec/gcc/x86_64-conda-linux-gnu/12.2.0/:/home/yongjian/anaconda3/envs/yongjian_conda/bin/../libexec/gcc/:/home/yongjian/anaconda3/envs/yongjian_conda/bin/../lib/gcc/x86_64-conda-linux-gnu/12.2.0/../../../../x86_64-conda-linux-gnu/bin/
LIBRARY_PATH=/home/yongjian/anaconda3/envs/yongjian_conda/bin/../lib/gcc/x86_64-conda-linux-gnu/12.2.0/:/home/yongjian/anaconda3/envs/yongjian_conda/bin/../lib/gcc/:/home/yongjian/anaconda3/envs/yongjian_conda/bin/../lib/gcc/x86_64-conda-linux-gnu/12.2.0/../../../../x86_64-conda-linux-gnu/lib/../lib/:/home/yongjian/anaconda3/envs/yongjian_conda/bin/../lib/gcc/x86_64-conda-linux-gnu/12.2.0/../../../../lib/:/home/yongjian/anaconda3/envs/yongjian_conda/bin/../x86_64-conda-linux-gnu/sysroot/lib/../lib/:/home/yongjian/anaconda3/envs/yongjian_conda/bin/../x86_64-conda-linux-gnu/sysroot/usr/lib/../lib/:/home/yongjian/anaconda3/envs/yongjian_conda/bin/../lib/gcc/x86_64-conda-linux-gnu/12.2.0/../../../../x86_64-conda-linux-gnu/lib/:/home/yongjian/anaconda3/envs/yongjian_conda/bin/../lib/gcc/x86_64-conda-linux-gnu/12.2.0/../../../:/home/yongjian/anaconda3/envs/yongjian_conda/bin/../x86_64-conda-linux-gnu/sysroot/lib/:/home/yongjian/anaconda3/envs/yongjian_conda/bin/../x86_64-conda-linux-gnu/sysroot/usr/lib/
COLLECT_GCC_OPTIONS='-v' '-o' 'CMakeFiles/cmTC_dd85a.dir/CMakeCCompilerABI.c.o' '-c' '-mtune=generic' '-march=x86-64' '-dumpdir' 'CMakeFiles/cmTC_dd85a.dir/CMakeCCompilerABI.c.'
Linking C executable cmTC_dd85a
/usr/bin/cmake -E cmake_link_script CMakeFiles/cmTC_dd85a.dir/link.txt --verbose=1
/home/yongjian/anaconda3/envs/yongjian_conda/bin/cc     -v -rdynamic CMakeFiles/cmTC_dd85a.dir/CMakeCCompilerABI.c.o  -o cmTC_dd85a 
Reading specs from /home/yongjian/anaconda3/envs/yongjian_conda/bin/../lib/gcc/x86_64-conda-linux-gnu/12.2.0/specs
could not find specs file conda.specs
COLLECT_GCC=/home/yongjian/anaconda3/envs/yongjian_conda/bin/cc
COLLECT_LTO_WRAPPER=/home/yongjian/anaconda3/envs/yongjian_conda/bin/../libexec/gcc/x86_64-conda-linux-gnu/12.2.0/lto-wrapper
Target: x86_64-conda-linux-gnu
Configured with: ../configure --prefix=/home/conda/feedstock_root/build_artifacts/gcc_compilers_1666516830325/_h_env_placehold_placehold_placehold_placehold_placehold_placehold_placehold_placehold_placehold_placehold_placehold_placehold_placehold_placehold_placehold_placehold_placehold_placeho --with-slibdir=/home/conda/feedstock_root/build_artifacts/gcc_compilers_1666516830325/_h_env_placehold_placehold_placehold_placehold_placehold_placehold_placehold_placehold_placehold_placehold_placehold_placehold_placehold_placehold_placehold_placehold_placehold_placeho/lib --libdir=/home/conda/feedstock_root/build_artifacts/gcc_compilers_1666516830325/_h_env_placehold_placehold_placehold_placehold_placehold_placehold_placehold_placehold_placehold_placehold_placehold_placehold_placehold_placehold_placehold_placehold_placehold_placeho/lib --mandir=/home/conda/feedstock_root/build_artifacts/gcc_compilers_1666516830325/_h_env_placehold_placehold_placehold_placehold_placehold_placehold_placehold_placehold_placehold_placehold_placehold_placehold_placehold_placehold_placehold_placehold_placehold_placeho/man --build=x86_64-conda-linux-gnu --host=x86_64-conda-linux-gnu --target=x86_64-conda-linux-gnu --enable-default-pie --enable-languages=c,c++,fortran,objc,obj-c++ --enable-__cxa_atexit --disable-libmudflap --enable-libgomp --disable-libssp --enable-libquadmath --enable-libquadmath-support --enable-libsanitizer --enable-lto --enable-threads=posix --enable-target-optspace --enable-plugin --enable-gold --disable-nls --disable-bootstrap --disable-multilib --enable-long-long --with-sysroot=/home/conda/feedstock_root/build_artifacts/gcc_compilers_1666516830325/_h_env_placehold_placehold_placehold_placehold_placehold_placehold_placehold_placehold_placehold_placehold_placehold_placehold_placehold_placehold_placehold_placehold_placehold_placeho/x86_64-conda-linux-gnu/sysroot --with-build-sysroot=/home/conda/feedstock_root/build_artifacts/gcc_compilers_1666516830325/_build_env/x86_64-conda-linux-gnu/sysroot --with-gxx-include-dir=/home/conda/feedstock_root/build_artifacts/gcc_compilers_1666516830325/_h_env_placehold_placehold_placehold_placehold_placehold_placehold_placehold_placehold_placehold_placehold_placehold_placehold_placehold_placehold_placehold_placehold_placehold_placeho/x86_64-conda-linux-gnu/include/c++/12.2.0 --with-pkgversion='conda-forge gcc 12.2.0-19' --with-bugurl=https://github.com/conda-forge/ctng-compilers-feedstock/issues/new/choose
Thread model: posix
Supported LTO compression algorithms: zlib
gcc version 12.2.0 (conda-forge gcc 12.2.0-19) 
COMPILER_PATH=/home/yongjian/anaconda3/envs/yongjian_conda/bin/../libexec/gcc/x86_64-conda-linux-gnu/12.2.0/:/home/yongjian/anaconda3/envs/yongjian_conda/bin/../libexec/gcc/:/home/yongjian/anaconda3/envs/yongjian_conda/bin/../lib/gcc/x86_64-conda-linux-gnu/12.2.0/../../../../x86_64-conda-linux-gnu/bin/
LIBRARY_PATH=/home/yongjian/anaconda3/envs/yongjian_conda/bin/../lib/gcc/x86_64-conda-linux-gnu/12.2.0/:/home/yongjian/anaconda3/envs/yongjian_conda/bin/../lib/gcc/:/home/yongjian/anaconda3/envs/yongjian_conda/bin/../lib/gcc/x86_64-conda-linux-gnu/12.2.0/../../../../x86_64-conda-linux-gnu/lib/../lib/:/home/yongjian/anaconda3/envs/yongjian_conda/bin/../lib/gcc/x86_64-conda-linux-gnu/12.2.0/../../../../lib/:/home/yongjian/anaconda3/envs/yongjian_conda/bin/../x86_64-conda-linux-gnu/sysroot/lib/../lib/:/home/yongjian/anaconda3/envs/yongjian_conda/bin/../x86_64-conda-linux-gnu/sysroot/usr/lib/../lib/:/home/yongjian/anaconda3/envs/yongjian_conda/bin/../lib/gcc/x86_64-conda-linux-gnu/12.2.0/../../../../x86_64-conda-linux-gnu/lib/:/home/yongjian/anaconda3/envs/yongjian_conda/bin/../lib/gcc/x86_64-conda-linux-gnu/12.2.0/../../../:/home/yongjian/anaconda3/envs/yongjian_conda/bin/../x86_64-conda-linux-gnu/sysroot/lib/:/home/yongjian/anaconda3/envs/yongjian_conda/bin/../x86_64-conda-linux-gnu/sysroot/usr/lib/
COLLECT_GCC_OPTIONS='-v' '-rdynamic' '-o' 'cmTC_dd85a' '-mtune=generic' '-march=x86-64' '-dumpdir' 'cmTC_dd85a.'
 /home/yongjian/anaconda3/envs/yongjian_conda/bin/../libexec/gcc/x86_64-conda-linux-gnu/12.2.0/collect2 -plugin /home/yongjian/anaconda3/envs/yongjian_conda/bin/../libexec/gcc/x86_64-conda-linux-gnu/12.2.0/liblto_plugin.so -plugin-opt=/home/yongjian/anaconda3/envs/yongjian_conda/bin/../libexec/gcc/x86_64-conda-linux-gnu/12.2.0/lto-wrapper -plugin-opt=-fresolution=/tmp/ccH5ozRv.res -plugin-opt=-pass-through=-lgcc -plugin-opt=-pass-through=-lgcc_s -plugin-opt=-pass-through=-lc -plugin-opt=-pass-through=-lgcc -plugin-opt=-pass-through=-lgcc_s --sysroot=/home/yongjian/anaconda3/envs/yongjian_conda/bin/../x86_64-conda-linux-gnu/sysroot --eh-frame-hdr -m elf_x86_64 -export-dynamic -dynamic-linker /lib64/ld-linux-x86-64.so.2 -pie -o cmTC_dd85a /home/yongjian/anaconda3/envs/yongjian_conda/bin/../x86_64-conda-linux-gnu/sysroot/usr/lib/../lib/Scrt1.o /home/yongjian/anaconda3/envs/yongjian_conda/bin/../x86_64-conda-linux-gnu/sysroot/usr/lib/../lib/crti.o /home/yongjian/anaconda3/envs/yongjian_conda/bin/../lib/gcc/x86_64-conda-linux-gnu/12.2.0/crtbeginS.o -L/home/yongjian/anaconda3/envs/yongjian_conda/bin/../lib/gcc/x86_64-conda-linux-gnu/12.2.0 -L/home/yongjian/anaconda3/envs/yongjian_conda/bin/../lib/gcc -L/home/yongjian/anaconda3/envs/yongjian_conda/bin/../lib/gcc/x86_64-conda-linux-gnu/12.2.0/../../../../x86_64-conda-linux-gnu/lib/../lib -L/home/yongjian/anaconda3/envs/yongjian_conda/bin/../lib/gcc/x86_64-conda-linux-gnu/12.2.0/../../../../lib -L/home/yongjian/anaconda3/envs/yongjian_conda/bin/../x86_64-conda-linux-gnu/sysroot/lib/../lib -L/home/yongjian/anaconda3/envs/yongjian_conda/bin/../x86_64-conda-linux-gnu/sysroot/usr/lib/../lib -L/home/yongjian/anaconda3/envs/yongjian_conda/bin/../lib/gcc/x86_64-conda-linux-gnu/12.2.0/../../../../x86_64-conda-linux-gnu/lib -L/home/yongjian/anaconda3/envs/yongjian_conda/bin/../lib/gcc/x86_64-conda-linux-gnu/12.2.0/../../.. -L/home/yongjian/anaconda3/envs/yongjian_conda/bin/../x86_64-conda-linux-gnu/sysroot/lib -L/home/yongjian/anaconda3/envs/yongjian_conda/bin/../x86_64-conda-linux-gnu/sysroot/usr/lib CMakeFiles/cmTC_dd85a.dir/CMakeCCompilerABI.c.o -lgcc --push-state --as-needed -lgcc_s --pop-state -lc -lgcc --push-state --as-needed -lgcc_s --pop-state /home/yongjian/anaconda3/envs/yongjian_conda/bin/../lib/gcc/x86_64-conda-linux-gnu/12.2.0/crtendS.o /home/yongjian/anaconda3/envs/yongjian_conda/bin/../x86_64-conda-linux-gnu/sysroot/usr/lib/../lib/crtn.o -rpath /home/yongjian/anaconda3/envs/yongjian_conda/lib
COLLECT_GCC_OPTIONS='-v' '-rdynamic' '-o' 'cmTC_dd85a' '-mtune=generic' '-march=x86-64' '-dumpdir' 'cmTC_dd85a.'
make[1]: Leaving directory '/home/yongjian/Yongjian_data/my_python/pythonknot/src/cpp_module/ginac/build/CMakeFiles/CMakeTmp'



Parsed C implicit include dir info from above output: rv=done
  found start of include info
  found start of implicit include info
    add: [/home/yongjian/anaconda3/envs/yongjian_conda/bin/../lib/gcc/x86_64-conda-linux-gnu/12.2.0/include]
    add: [/home/yongjian/anaconda3/envs/yongjian_conda/bin/../lib/gcc/x86_64-conda-linux-gnu/12.2.0/include-fixed]
    add: [/home/yongjian/anaconda3/envs/yongjian_conda/bin/../x86_64-conda-linux-gnu/sysroot/usr/include]
  end of search list found
  collapse include dir [/home/yongjian/anaconda3/envs/yongjian_conda/bin/../lib/gcc/x86_64-conda-linux-gnu/12.2.0/include] ==> [/home/yongjian/anaconda3/envs/yongjian_conda/lib/gcc/x86_64-conda-linux-gnu/12.2.0/include]
  collapse include dir [/home/yongjian/anaconda3/envs/yongjian_conda/bin/../lib/gcc/x86_64-conda-linux-gnu/12.2.0/include-fixed] ==> [/home/yongjian/anaconda3/envs/yongjian_conda/lib/gcc/x86_64-conda-linux-gnu/12.2.0/include-fixed]
  collapse include dir [/home/yongjian/anaconda3/envs/yongjian_conda/bin/../x86_64-conda-linux-gnu/sysroot/usr/include] ==> [/home/yongjian/anaconda3/envs/yongjian_conda/x86_64-conda-linux-gnu/sysroot/usr/include]
  implicit include dirs: [/home/yongjian/anaconda3/envs/yongjian_conda/lib/gcc/x86_64-conda-linux-gnu/12.2.0/include;/home/yongjian/anaconda3/envs/yongjian_conda/lib/gcc/x86_64-conda-linux-gnu/12.2.0/include-fixed;/home/yongjian/anaconda3/envs/yongjian_conda/x86_64-conda-linux-gnu/sysroot/usr/include]


Parsed C implicit link information from above output:
  link line regex: [^( *|.*[/\])(ld|CMAKE_LINK_STARTFILE-NOTFOUND|([^/\]+-)?ld|collect2)[^/\]*( |$)]
  ignore line: [Change Dir: /home/yongjian/Yongjian_data/my_python/pythonknot/src/cpp_module/ginac/build/CMakeFiles/CMakeTmp]
  ignore line: []
  ignore line: [Run Build Command(s):/usr/bin/make cmTC_dd85a/fast && /usr/bin/make -f CMakeFiles/cmTC_dd85a.dir/build.make CMakeFiles/cmTC_dd85a.dir/build]
  ignore line: [make[1]: Entering directory '/home/yongjian/Yongjian_data/my_python/pythonknot/src/cpp_module/ginac/build/CMakeFiles/CMakeTmp']
  ignore line: [Building C object CMakeFiles/cmTC_dd85a.dir/CMakeCCompilerABI.c.o]
  ignore line: [/home/yongjian/anaconda3/envs/yongjian_conda/bin/cc   -v -o CMakeFiles/cmTC_dd85a.dir/CMakeCCompilerABI.c.o   -c /usr/share/cmake-3.16/Modules/CMakeCCompilerABI.c]
  ignore line: [Reading specs from /home/yongjian/anaconda3/envs/yongjian_conda/bin/../lib/gcc/x86_64-conda-linux-gnu/12.2.0/specs]
  ignore line: [could not find specs file conda.specs]
  ignore line: [COLLECT_GCC=/home/yongjian/anaconda3/envs/yongjian_conda/bin/cc]
  ignore line: [Target: x86_64-conda-linux-gnu]
  ignore line: [Configured with: ../configure --prefix=/home/conda/feedstock_root/build_artifacts/gcc_compilers_1666516830325/_h_env_placehold_placehold_placehold_placehold_placehold_placehold_placehold_placehold_placehold_placehold_placehold_placehold_placehold_placehold_placehold_placehold_placehold_placeho --with-slibdir=/home/conda/feedstock_root/build_artifacts/gcc_compilers_1666516830325/_h_env_placehold_placehold_placehold_placehold_placehold_placehold_placehold_placehold_placehold_placehold_placehold_placehold_placehold_placehold_placehold_placehold_placehold_placeho/lib --libdir=/home/conda/feedstock_root/build_artifacts/gcc_compilers_1666516830325/_h_env_placehold_placehold_placehold_placehold_placehold_placehold_placehold_placehold_placehold_placehold_placehold_placehold_placehold_placehold_placehold_placehold_placehold_placeho/lib --mandir=/home/conda/feedstock_root/build_artifacts/gcc_compilers_1666516830325/_h_env_placehold_placehold_placehold_placehold_placehold_placehold_placehold_placehold_placehold_placehold_placehold_placehold_placehold_placehold_placehold_placehold_placehold_placeho/man --build=x86_64-conda-linux-gnu --host=x86_64-conda-linux-gnu --target=x86_64-conda-linux-gnu --enable-default-pie --enable-languages=c c++ fortran objc obj-c++ --enable-__cxa_atexit --disable-libmudflap --enable-libgomp --disable-libssp --enable-libquadmath --enable-libquadmath-support --enable-libsanitizer --enable-lto --enable-threads=posix --enable-target-optspace --enable-plugin --enable-gold --disable-nls --disable-bootstrap --disable-multilib --enable-long-long --with-sysroot=/home/conda/feedstock_root/build_artifacts/gcc_compilers_1666516830325/_h_env_placehold_placehold_placehold_placehold_placehold_placehold_placehold_placehold_placehold_placehold_placehold_placehold_placehold_placehold_placehold_placehold_placehold_placeho/x86_64-conda-linux-gnu/sysroot --with-build-sysroot=/home/conda/feedstock_root/build_artifacts/gcc_compilers_1666516830325/_build_env/x86_64-conda-linux-gnu/sysroot --with-gxx-include-dir=/home/conda/feedstock_root/build_artifacts/gcc_compilers_1666516830325/_h_env_placehold_placehold_placehold_placehold_placehold_placehold_placehold_placehold_placehold_placehold_placehold_placehold_placehold_placehold_placehold_placehold_placehold_placeho/x86_64-conda-linux-gnu/include/c++/12.2.0 --with-pkgversion='conda-forge gcc 12.2.0-19' --with-bugurl=https://github.com/conda-forge/ctng-compilers-feedstock/issues/new/choose]
  ignore line: [Thread model: posix]
  ignore line: [Supported LTO compression algorithms: zlib]
  ignore line: [gcc version 12.2.0 (conda-forge gcc 12.2.0-19) ]
  ignore line: [COLLECT_GCC_OPTIONS='-v' '-o' 'CMakeFiles/cmTC_dd85a.dir/CMakeCCompilerABI.c.o' '-c' '-mtune=generic' '-march=x86-64' '-dumpdir' 'CMakeFiles/cmTC_dd85a.dir/']
  ignore line: [ /home/yongjian/anaconda3/envs/yongjian_conda/bin/../libexec/gcc/x86_64-conda-linux-gnu/12.2.0/cc1 -quiet -v -iprefix /home/yongjian/anaconda3/envs/yongjian_conda/bin/../lib/gcc/x86_64-conda-linux-gnu/12.2.0/ -isysroot /home/yongjian/anaconda3/envs/yongjian_conda/bin/../x86_64-conda-linux-gnu/sysroot /usr/share/cmake-3.16/Modules/CMakeCCompilerABI.c -quiet -dumpdir CMakeFiles/cmTC_dd85a.dir/ -dumpbase CMakeCCompilerABI.c.c -dumpbase-ext .c -mtune=generic -march=x86-64 -version -o /tmp/cch4MlC4.s]
  ignore line: [GNU C17 (conda-forge gcc 12.2.0-19) version 12.2.0 (x86_64-conda-linux-gnu)]
  ignore line: [	compiled by GNU C version 12.2.0  GMP version 6.2.1  MPFR version 4.1.0  MPC version 1.2.1  isl version isl-0.24-GMP]
  ignore line: []
  ignore line: [GGC heuristics: --param ggc-min-expand=100 --param ggc-min-heapsize=131072]
  ignore line: [ignoring nonexistent directory "/home/yongjian/anaconda3/envs/yongjian_conda/bin/../lib/gcc/x86_64-conda-linux-gnu/12.2.0/../../../../x86_64-conda-linux-gnu/include"]
  ignore line: [ignoring duplicate directory "/home/yongjian/anaconda3/envs/yongjian_conda/bin/../lib/gcc/../../lib/gcc/x86_64-conda-linux-gnu/12.2.0/include"]
  ignore line: [ignoring nonexistent directory "/home/yongjian/anaconda3/envs/yongjian_conda/bin/../x86_64-conda-linux-gnu/sysroot/usr/local/include"]
  ignore line: [ignoring duplicate directory "/home/yongjian/anaconda3/envs/yongjian_conda/bin/../lib/gcc/../../lib/gcc/x86_64-conda-linux-gnu/12.2.0/include-fixed"]
  ignore line: [ignoring nonexistent directory "/home/yongjian/anaconda3/envs/yongjian_conda/bin/../lib/gcc/../../lib/gcc/x86_64-conda-linux-gnu/12.2.0/../../../../x86_64-conda-linux-gnu/include"]
  ignore line: [#include "..." search starts here:]
  ignore line: [#include <...> search starts here:]
  ignore line: [ /home/yongjian/anaconda3/envs/yongjian_conda/bin/../lib/gcc/x86_64-conda-linux-gnu/12.2.0/include]
  ignore line: [ /home/yongjian/anaconda3/envs/yongjian_conda/bin/../lib/gcc/x86_64-conda-linux-gnu/12.2.0/include-fixed]
  ignore line: [ /home/yongjian/anaconda3/envs/yongjian_conda/bin/../x86_64-conda-linux-gnu/sysroot/usr/include]
  ignore line: [End of search list.]
  ignore line: [GNU C17 (conda-forge gcc 12.2.0-19) version 12.2.0 (x86_64-conda-linux-gnu)]
  ignore line: [	compiled by GNU C version 12.2.0  GMP version 6.2.1  MPFR version 4.1.0  MPC version 1.2.1  isl version isl-0.24-GMP]
  ignore line: []
  ignore line: [GGC heuristics: --param ggc-min-expand=100 --param ggc-min-heapsize=131072]
  ignore line: [Compiler executable checksum: 66c3f6ff7356c595b547cfa7e011e881]
  ignore line: [COLLECT_GCC_OPTIONS='-v' '-o' 'CMakeFiles/cmTC_dd85a.dir/CMakeCCompilerABI.c.o' '-c' '-mtune=generic' '-march=x86-64' '-dumpdir' 'CMakeFiles/cmTC_dd85a.dir/']
  ignore line: [ /home/yongjian/anaconda3/envs/yongjian_conda/bin/../lib/gcc/x86_64-conda-linux-gnu/12.2.0/../../../../x86_64-conda-linux-gnu/bin/as -v --64 -o CMakeFiles/cmTC_dd85a.dir/CMakeCCompilerABI.c.o /tmp/cch4MlC4.s]
  ignore line: [GNU assembler version 2.39 (x86_64-conda-linux-gnu) using BFD version (GNU Binutils) 2.39]
  ignore line: [COMPILER_PATH=/home/yongjian/anaconda3/envs/yongjian_conda/bin/../libexec/gcc/x86_64-conda-linux-gnu/12.2.0/:/home/yongjian/anaconda3/envs/yongjian_conda/bin/../libexec/gcc/:/home/yongjian/anaconda3/envs/yongjian_conda/bin/../lib/gcc/x86_64-conda-linux-gnu/12.2.0/../../../../x86_64-conda-linux-gnu/bin/]
  ignore line: [LIBRARY_PATH=/home/yongjian/anaconda3/envs/yongjian_conda/bin/../lib/gcc/x86_64-conda-linux-gnu/12.2.0/:/home/yongjian/anaconda3/envs/yongjian_conda/bin/../lib/gcc/:/home/yongjian/anaconda3/envs/yongjian_conda/bin/../lib/gcc/x86_64-conda-linux-gnu/12.2.0/../../../../x86_64-conda-linux-gnu/lib/../lib/:/home/yongjian/anaconda3/envs/yongjian_conda/bin/../lib/gcc/x86_64-conda-linux-gnu/12.2.0/../../../../lib/:/home/yongjian/anaconda3/envs/yongjian_conda/bin/../x86_64-conda-linux-gnu/sysroot/lib/../lib/:/home/yongjian/anaconda3/envs/yongjian_conda/bin/../x86_64-conda-linux-gnu/sysroot/usr/lib/../lib/:/home/yongjian/anaconda3/envs/yongjian_conda/bin/../lib/gcc/x86_64-conda-linux-gnu/12.2.0/../../../../x86_64-conda-linux-gnu/lib/:/home/yongjian/anaconda3/envs/yongjian_conda/bin/../lib/gcc/x86_64-conda-linux-gnu/12.2.0/../../../:/home/yongjian/anaconda3/envs/yongjian_conda/bin/../x86_64-conda-linux-gnu/sysroot/lib/:/home/yongjian/anaconda3/envs/yongjian_conda/bin/../x86_64-conda-linux-gnu/sysroot/usr/lib/]
  ignore line: [COLLECT_GCC_OPTIONS='-v' '-o' 'CMakeFiles/cmTC_dd85a.dir/CMakeCCompilerABI.c.o' '-c' '-mtune=generic' '-march=x86-64' '-dumpdir' 'CMakeFiles/cmTC_dd85a.dir/CMakeCCompilerABI.c.']
  ignore line: [Linking C executable cmTC_dd85a]
  ignore line: [/usr/bin/cmake -E cmake_link_script CMakeFiles/cmTC_dd85a.dir/link.txt --verbose=1]
  ignore line: [/home/yongjian/anaconda3/envs/yongjian_conda/bin/cc     -v -rdynamic CMakeFiles/cmTC_dd85a.dir/CMakeCCompilerABI.c.o  -o cmTC_dd85a ]
  ignore line: [Reading specs from /home/yongjian/anaconda3/envs/yongjian_conda/bin/../lib/gcc/x86_64-conda-linux-gnu/12.2.0/specs]
  ignore line: [could not find specs file conda.specs]
  ignore line: [COLLECT_GCC=/home/yongjian/anaconda3/envs/yongjian_conda/bin/cc]
  ignore line: [COLLECT_LTO_WRAPPER=/home/yongjian/anaconda3/envs/yongjian_conda/bin/../libexec/gcc/x86_64-conda-linux-gnu/12.2.0/lto-wrapper]
  ignore line: [Target: x86_64-conda-linux-gnu]
  ignore line: [Configured with: ../configure --prefix=/home/conda/feedstock_root/build_artifacts/gcc_compilers_1666516830325/_h_env_placehold_placehold_placehold_placehold_placehold_placehold_placehold_placehold_placehold_placehold_placehold_placehold_placehold_placehold_placehold_placehold_placehold_placeho --with-slibdir=/home/conda/feedstock_root/build_artifacts/gcc_compilers_1666516830325/_h_env_placehold_placehold_placehold_placehold_placehold_placehold_placehold_placehold_placehold_placehold_placehold_placehold_placehold_placehold_placehold_placehold_placehold_placeho/lib --libdir=/home/conda/feedstock_root/build_artifacts/gcc_compilers_1666516830325/_h_env_placehold_placehold_placehold_placehold_placehold_placehold_placehold_placehold_placehold_placehold_placehold_placehold_placehold_placehold_placehold_placehold_placehold_placeho/lib --mandir=/home/conda/feedstock_root/build_artifacts/gcc_compilers_1666516830325/_h_env_placehold_placehold_placehold_placehold_placehold_placehold_placehold_placehold_placehold_placehold_placehold_placehold_placehold_placehold_placehold_placehold_placehold_placeho/man --build=x86_64-conda-linux-gnu --host=x86_64-conda-linux-gnu --target=x86_64-conda-linux-gnu --enable-default-pie --enable-languages=c c++ fortran objc obj-c++ --enable-__cxa_atexit --disable-libmudflap --enable-libgomp --disable-libssp --enable-libquadmath --enable-libquadmath-support --enable-libsanitizer --enable-lto --enable-threads=posix --enable-target-optspace --enable-plugin --enable-gold --disable-nls --disable-bootstrap --disable-multilib --enable-long-long --with-sysroot=/home/conda/feedstock_root/build_artifacts/gcc_compilers_1666516830325/_h_env_placehold_placehold_placehold_placehold_placehold_placehold_placehold_placehold_placehold_placehold_placehold_placehold_placehold_placehold_placehold_placehold_placehold_placeho/x86_64-conda-linux-gnu/sysroot --with-build-sysroot=/home/conda/feedstock_root/build_artifacts/gcc_compilers_1666516830325/_build_env/x86_64-conda-linux-gnu/sysroot --with-gxx-include-dir=/home/conda/feedstock_root/build_artifacts/gcc_compilers_1666516830325/_h_env_placehold_placehold_placehold_placehold_placehold_placehold_placehold_placehold_placehold_placehold_placehold_placehold_placehold_placehold_placehold_placehold_placehold_placeho/x86_64-conda-linux-gnu/include/c++/12.2.0 --with-pkgversion='conda-forge gcc 12.2.0-19' --with-bugurl=https://github.com/conda-forge/ctng-compilers-feedstock/issues/new/choose]
  ignore line: [Thread model: posix]
  ignore line: [Supported LTO compression algorithms: zlib]
  ignore line: [gcc version 12.2.0 (conda-forge gcc 12.2.0-19) ]
  ignore line: [COMPILER_PATH=/home/yongjian/anaconda3/envs/yongjian_conda/bin/../libexec/gcc/x86_64-conda-linux-gnu/12.2.0/:/home/yongjian/anaconda3/envs/yongjian_conda/bin/../libexec/gcc/:/home/yongjian/anaconda3/envs/yongjian_conda/bin/../lib/gcc/x86_64-conda-linux-gnu/12.2.0/../../../../x86_64-conda-linux-gnu/bin/]
  ignore line: [LIBRARY_PATH=/home/yongjian/anaconda3/envs/yongjian_conda/bin/../lib/gcc/x86_64-conda-linux-gnu/12.2.0/:/home/yongjian/anaconda3/envs/yongjian_conda/bin/../lib/gcc/:/home/yongjian/anaconda3/envs/yongjian_conda/bin/../lib/gcc/x86_64-conda-linux-gnu/12.2.0/../../../../x86_64-conda-linux-gnu/lib/../lib/:/home/yongjian/anaconda3/envs/yongjian_conda/bin/../lib/gcc/x86_64-conda-linux-gnu/12.2.0/../../../../lib/:/home/yongjian/anaconda3/envs/yongjian_conda/bin/../x86_64-conda-linux-gnu/sysroot/lib/../lib/:/home/yongjian/anaconda3/envs/yongjian_conda/bin/../x86_64-conda-linux-gnu/sysroot/usr/lib/../lib/:/home/yongjian/anaconda3/envs/yongjian_conda/bin/../lib/gcc/x86_64-conda-linux-gnu/12.2.0/../../../../x86_64-conda-linux-gnu/lib/:/home/yongjian/anaconda3/envs/yongjian_conda/bin/../lib/gcc/x86_64-conda-linux-gnu/12.2.0/../../../:/home/yongjian/anaconda3/envs/yongjian_conda/bin/../x86_64-conda-linux-gnu/sysroot/lib/:/home/yongjian/anaconda3/envs/yongjian_conda/bin/../x86_64-conda-linux-gnu/sysroot/usr/lib/]
  ignore line: [COLLECT_GCC_OPTIONS='-v' '-rdynamic' '-o' 'cmTC_dd85a' '-mtune=generic' '-march=x86-64' '-dumpdir' 'cmTC_dd85a.']
  link line: [ /home/yongjian/anaconda3/envs/yongjian_conda/bin/../libexec/gcc/x86_64-conda-linux-gnu/12.2.0/collect2 -plugin /home/yongjian/anaconda3/envs/yongjian_conda/bin/../libexec/gcc/x86_64-conda-linux-gnu/12.2.0/liblto_plugin.so -plugin-opt=/home/yongjian/anaconda3/envs/yongjian_conda/bin/../libexec/gcc/x86_64-conda-linux-gnu/12.2.0/lto-wrapper -plugin-opt=-fresolution=/tmp/ccH5ozRv.res -plugin-opt=-pass-through=-lgcc -plugin-opt=-pass-through=-lgcc_s -plugin-opt=-pass-through=-lc -plugin-opt=-pass-through=-lgcc -plugin-opt=-pass-through=-lgcc_s --sysroot=/home/yongjian/anaconda3/envs/yongjian_conda/bin/../x86_64-conda-linux-gnu/sysroot --eh-frame-hdr -m elf_x86_64 -export-dynamic -dynamic-linker /lib64/ld-linux-x86-64.so.2 -pie -o cmTC_dd85a /home/yongjian/anaconda3/envs/yongjian_conda/bin/../x86_64-conda-linux-gnu/sysroot/usr/lib/../lib/Scrt1.o /home/yongjian/anaconda3/envs/yongjian_conda/bin/../x86_64-conda-linux-gnu/sysroot/usr/lib/../lib/crti.o /home/yongjian/anaconda3/envs/yongjian_conda/bin/../lib/gcc/x86_64-conda-linux-gnu/12.2.0/crtbeginS.o -L/home/yongjian/anaconda3/envs/yongjian_conda/bin/../lib/gcc/x86_64-conda-linux-gnu/12.2.0 -L/home/yongjian/anaconda3/envs/yongjian_conda/bin/../lib/gcc -L/home/yongjian/anaconda3/envs/yongjian_conda/bin/../lib/gcc/x86_64-conda-linux-gnu/12.2.0/../../../../x86_64-conda-linux-gnu/lib/../lib -L/home/yongjian/anaconda3/envs/yongjian_conda/bin/../lib/gcc/x86_64-conda-linux-gnu/12.2.0/../../../../lib -L/home/yongjian/anaconda3/envs/yongjian_conda/bin/../x86_64-conda-linux-gnu/sysroot/lib/../lib -L/home/yongjian/anaconda3/envs/yongjian_conda/bin/../x86_64-conda-linux-gnu/sysroot/usr/lib/../lib -L/home/yongjian/anaconda3/envs/yongjian_conda/bin/../lib/gcc/x86_64-conda-linux-gnu/12.2.0/../../../../x86_64-conda-linux-gnu/lib -L/home/yongjian/anaconda3/envs/yongjian_conda/bin/../lib/gcc/x86_64-conda-linux-gnu/12.2.0/../../.. -L/home/yongjian/anaconda3/envs/yongjian_conda/bin/../x86_64-conda-linux-gnu/sysroot/lib -L/home/yongjian/anaconda3/envs/yongjian_conda/bin/../x86_64-conda-linux-gnu/sysroot/usr/lib CMakeFiles/cmTC_dd85a.dir/CMakeCCompilerABI.c.o -lgcc --push-state --as-needed -lgcc_s --pop-state -lc -lgcc --push-state --as-needed -lgcc_s --pop-state /home/yongjian/anaconda3/envs/yongjian_conda/bin/../lib/gcc/x86_64-conda-linux-gnu/12.2.0/crtendS.o /home/yongjian/anaconda3/envs/yongjian_conda/bin/../x86_64-conda-linux-gnu/sysroot/usr/lib/../lib/crtn.o -rpath /home/yongjian/anaconda3/envs/yongjian_conda/lib]
    arg [/home/yongjian/anaconda3/envs/yongjian_conda/bin/../libexec/gcc/x86_64-conda-linux-gnu/12.2.0/collect2] ==> ignore
    arg [-plugin] ==> ignore
    arg [/home/yongjian/anaconda3/envs/yongjian_conda/bin/../libexec/gcc/x86_64-conda-linux-gnu/12.2.0/liblto_plugin.so] ==> ignore
    arg [-plugin-opt=/home/yongjian/anaconda3/envs/yongjian_conda/bin/../libexec/gcc/x86_64-conda-linux-gnu/12.2.0/lto-wrapper] ==> ignore
    arg [-plugin-opt=-fresolution=/tmp/ccH5ozRv.res] ==> ignore
    arg [-plugin-opt=-pass-through=-lgcc] ==> ignore
    arg [-plugin-opt=-pass-through=-lgcc_s] ==> ignore
    arg [-plugin-opt=-pass-through=-lc] ==> ignore
    arg [-plugin-opt=-pass-through=-lgcc] ==> ignore
    arg [-plugin-opt=-pass-through=-lgcc_s] ==> ignore
    arg [--sysroot=/home/yongjian/anaconda3/envs/yongjian_conda/bin/../x86_64-conda-linux-gnu/sysroot] ==> ignore
    arg [--eh-frame-hdr] ==> ignore
    arg [-m] ==> ignore
    arg [elf_x86_64] ==> ignore
    arg [-export-dynamic] ==> ignore
    arg [-dynamic-linker] ==> ignore
    arg [/lib64/ld-linux-x86-64.so.2] ==> ignore
    arg [-pie] ==> ignore
    arg [-o] ==> ignore
    arg [cmTC_dd85a] ==> ignore
    arg [/home/yongjian/anaconda3/envs/yongjian_conda/bin/../x86_64-conda-linux-gnu/sysroot/usr/lib/../lib/Scrt1.o] ==> ignore
    arg [/home/yongjian/anaconda3/envs/yongjian_conda/bin/../x86_64-conda-linux-gnu/sysroot/usr/lib/../lib/crti.o] ==> ignore
    arg [/home/yongjian/anaconda3/envs/yongjian_conda/bin/../lib/gcc/x86_64-conda-linux-gnu/12.2.0/crtbeginS.o] ==> ignore
    arg [-L/home/yongjian/anaconda3/envs/yongjian_conda/bin/../lib/gcc/x86_64-conda-linux-gnu/12.2.0] ==> dir [/home/yongjian/anaconda3/envs/yongjian_conda/bin/../lib/gcc/x86_64-conda-linux-gnu/12.2.0]
    arg [-L/home/yongjian/anaconda3/envs/yongjian_conda/bin/../lib/gcc] ==> dir [/home/yongjian/anaconda3/envs/yongjian_conda/bin/../lib/gcc]
    arg [-L/home/yongjian/anaconda3/envs/yongjian_conda/bin/../lib/gcc/x86_64-conda-linux-gnu/12.2.0/../../../../x86_64-conda-linux-gnu/lib/../lib] ==> dir [/home/yongjian/anaconda3/envs/yongjian_conda/bin/../lib/gcc/x86_64-conda-linux-gnu/12.2.0/../../../../x86_64-conda-linux-gnu/lib/../lib]
    arg [-L/home/yongjian/anaconda3/envs/yongjian_conda/bin/../lib/gcc/x86_64-conda-linux-gnu/12.2.0/../../../../lib] ==> dir [/home/yongjian/anaconda3/envs/yongjian_conda/bin/../lib/gcc/x86_64-conda-linux-gnu/12.2.0/../../../../lib]
    arg [-L/home/yongjian/anaconda3/envs/yongjian_conda/bin/../x86_64-conda-linux-gnu/sysroot/lib/../lib] ==> dir [/home/yongjian/anaconda3/envs/yongjian_conda/bin/../x86_64-conda-linux-gnu/sysroot/lib/../lib]
    arg [-L/home/yongjian/anaconda3/envs/yongjian_conda/bin/../x86_64-conda-linux-gnu/sysroot/usr/lib/../lib] ==> dir [/home/yongjian/anaconda3/envs/yongjian_conda/bin/../x86_64-conda-linux-gnu/sysroot/usr/lib/../lib]
    arg [-L/home/yongjian/anaconda3/envs/yongjian_conda/bin/../lib/gcc/x86_64-conda-linux-gnu/12.2.0/../../../../x86_64-conda-linux-gnu/lib] ==> dir [/home/yongjian/anaconda3/envs/yongjian_conda/bin/../lib/gcc/x86_64-conda-linux-gnu/12.2.0/../../../../x86_64-conda-linux-gnu/lib]
    arg [-L/home/yongjian/anaconda3/envs/yongjian_conda/bin/../lib/gcc/x86_64-conda-linux-gnu/12.2.0/../../..] ==> dir [/home/yongjian/anaconda3/envs/yongjian_conda/bin/../lib/gcc/x86_64-conda-linux-gnu/12.2.0/../../..]
    arg [-L/home/yongjian/anaconda3/envs/yongjian_conda/bin/../x86_64-conda-linux-gnu/sysroot/lib] ==> dir [/home/yongjian/anaconda3/envs/yongjian_conda/bin/../x86_64-conda-linux-gnu/sysroot/lib]
    arg [-L/home/yongjian/anaconda3/envs/yongjian_conda/bin/../x86_64-conda-linux-gnu/sysroot/usr/lib] ==> dir [/home/yongjian/anaconda3/envs/yongjian_conda/bin/../x86_64-conda-linux-gnu/sysroot/usr/lib]
    arg [CMakeFiles/cmTC_dd85a.dir/CMakeCCompilerABI.c.o] ==> ignore
    arg [-lgcc] ==> lib [gcc]
    arg [--push-state] ==> ignore
    arg [--as-needed] ==> ignore
    arg [-lgcc_s] ==> lib [gcc_s]
    arg [--pop-state] ==> ignore
    arg [-lc] ==> lib [c]
    arg [-lgcc] ==> lib [gcc]
    arg [--push-state] ==> ignore
    arg [--as-needed] ==> ignore
    arg [-lgcc_s] ==> lib [gcc_s]
    arg [--pop-state] ==> ignore
    arg [/home/yongjian/anaconda3/envs/yongjian_conda/bin/../lib/gcc/x86_64-conda-linux-gnu/12.2.0/crtendS.o] ==> ignore
    arg [/home/yongjian/anaconda3/envs/yongjian_conda/bin/../x86_64-conda-linux-gnu/sysroot/usr/lib/../lib/crtn.o] ==> ignore
    arg [-rpath] ==> ignore
    arg [/home/yongjian/anaconda3/envs/yongjian_conda/lib] ==> ignore
  collapse library dir [/home/yongjian/anaconda3/envs/yongjian_conda/bin/../lib/gcc/x86_64-conda-linux-gnu/12.2.0] ==> [/home/yongjian/anaconda3/envs/yongjian_conda/lib/gcc/x86_64-conda-linux-gnu/12.2.0]
  collapse library dir [/home/yongjian/anaconda3/envs/yongjian_conda/bin/../lib/gcc] ==> [/home/yongjian/anaconda3/envs/yongjian_conda/lib/gcc]
  collapse library dir [/home/yongjian/anaconda3/envs/yongjian_conda/bin/../lib/gcc/x86_64-conda-linux-gnu/12.2.0/../../../../x86_64-conda-linux-gnu/lib/../lib] ==> [/home/yongjian/anaconda3/envs/yongjian_conda/x86_64-conda-linux-gnu/lib]
  collapse library dir [/home/yongjian/anaconda3/envs/yongjian_conda/bin/../lib/gcc/x86_64-conda-linux-gnu/12.2.0/../../../../lib] ==> [/home/yongjian/anaconda3/envs/yongjian_conda/lib]
  collapse library dir [/home/yongjian/anaconda3/envs/yongjian_conda/bin/../x86_64-conda-linux-gnu/sysroot/lib/../lib] ==> [/home/yongjian/anaconda3/envs/yongjian_conda/x86_64-conda-linux-gnu/sysroot/lib]
  collapse library dir [/home/yongjian/anaconda3/envs/yongjian_conda/bin/../x86_64-conda-linux-gnu/sysroot/usr/lib/../lib] ==> [/home/yongjian/anaconda3/envs/yongjian_conda/x86_64-conda-linux-gnu/sysroot/usr/lib]
  collapse library dir [/home/yongjian/anaconda3/envs/yongjian_conda/bin/../lib/gcc/x86_64-conda-linux-gnu/12.2.0/../../../../x86_64-conda-linux-gnu/lib] ==> [/home/yongjian/anaconda3/envs/yongjian_conda/x86_64-conda-linux-gnu/lib]
  collapse library dir [/home/yongjian/anaconda3/envs/yongjian_conda/bin/../lib/gcc/x86_64-conda-linux-gnu/12.2.0/../../..] ==> [/home/yongjian/anaconda3/envs/yongjian_conda/lib]
  collapse library dir [/home/yongjian/anaconda3/envs/yongjian_conda/bin/../x86_64-conda-linux-gnu/sysroot/lib] ==> [/home/yongjian/anaconda3/envs/yongjian_conda/x86_64-conda-linux-gnu/sysroot/lib]
  collapse library dir [/home/yongjian/anaconda3/envs/yongjian_conda/bin/../x86_64-conda-linux-gnu/sysroot/usr/lib] ==> [/home/yongjian/anaconda3/envs/yongjian_conda/x86_64-conda-linux-gnu/sysroot/usr/lib]
  implicit libs: [gcc;gcc_s;c;gcc;gcc_s]
  implicit dirs: [/home/yongjian/anaconda3/envs/yongjian_conda/lib/gcc/x86_64-conda-linux-gnu/12.2.0;/home/yongjian/anaconda3/envs/yongjian_conda/lib/gcc;/home/yongjian/anaconda3/envs/yongjian_conda/x86_64-conda-linux-gnu/lib;/home/yongjian/anaconda3/envs/yongjian_conda/lib;/home/yongjian/anaconda3/envs/yongjian_conda/x86_64-conda-linux-gnu/sysroot/lib;/home/yongjian/anaconda3/envs/yongjian_conda/x86_64-conda-linux-gnu/sysroot/usr/lib]
  implicit fwks: []


Determining if the CXX compiler works passed with the following output:
Change Dir: /home/yongjian/Yongjian_data/my_python/pythonknot/src/cpp_module/ginac/build/CMakeFiles/CMakeTmp

Run Build Command(s):/usr/bin/make cmTC_8fe04/fast && /usr/bin/make -f CMakeFiles/cmTC_8fe04.dir/build.make CMakeFiles/cmTC_8fe04.dir/build
make[1]: Entering directory '/home/yongjian/Yongjian_data/my_python/pythonknot/src/cpp_module/ginac/build/CMakeFiles/CMakeTmp'
Building CXX object CMakeFiles/cmTC_8fe04.dir/testCXXCompiler.cxx.o
/usr/bin/c++     -o CMakeFiles/cmTC_8fe04.dir/testCXXCompiler.cxx.o -c /home/yongjian/Yongjian_data/my_python/pythonknot/src/cpp_module/ginac/build/CMakeFiles/CMakeTmp/testCXXCompiler.cxx
Linking CXX executable cmTC_8fe04
/usr/bin/cmake -E cmake_link_script CMakeFiles/cmTC_8fe04.dir/link.txt --verbose=1
/usr/bin/c++       -rdynamic CMakeFiles/cmTC_8fe04.dir/testCXXCompiler.cxx.o  -o cmTC_8fe04 
make[1]: Leaving directory '/home/yongjian/Yongjian_data/my_python/pythonknot/src/cpp_module/ginac/build/CMakeFiles/CMakeTmp'



Detecting CXX compiler ABI info compiled with the following output:
Change Dir: /home/yongjian/Yongjian_data/my_python/pythonknot/src/cpp_module/ginac/build/CMakeFiles/CMakeTmp

Run Build Command(s):/usr/bin/make cmTC_35d5d/fast && /usr/bin/make -f CMakeFiles/cmTC_35d5d.dir/build.make CMakeFiles/cmTC_35d5d.dir/build
make[1]: Entering directory '/home/yongjian/Yongjian_data/my_python/pythonknot/src/cpp_module/ginac/build/CMakeFiles/CMakeTmp'
Building CXX object CMakeFiles/cmTC_35d5d.dir/CMakeCXXCompilerABI.cpp.o
/usr/bin/c++    -v -o CMakeFiles/cmTC_35d5d.dir/CMakeCXXCompilerABI.cpp.o -c /usr/share/cmake-3.16/Modules/CMakeCXXCompilerABI.cpp
Using built-in specs.
COLLECT_GCC=/usr/bin/c++
OFFLOAD_TARGET_NAMES=nvptx-none:hsa
OFFLOAD_TARGET_DEFAULT=1
Target: x86_64-linux-gnu
Configured with: ../src/configure -v --with-pkgversion='Ubuntu 9.4.0-1ubuntu1~20.04.2' --with-bugurl=file:///usr/share/doc/gcc-9/README.Bugs --enable-languages=c,ada,c++,go,brig,d,fortran,objc,obj-c++,gm2 --prefix=/usr --with-gcc-major-version-only --program-suffix=-9 --program-prefix=x86_64-linux-gnu- --enable-shared --enable-linker-build-id --libexecdir=/usr/lib --without-included-gettext --enable-threads=posix --libdir=/usr/lib --enable-nls --enable-clocale=gnu --enable-libstdcxx-debug --enable-libstdcxx-time=yes --with-default-libstdcxx-abi=new --enable-gnu-unique-object --disable-vtable-verify --enable-plugin --enable-default-pie --with-system-zlib --with-target-system-zlib=auto --enable-objc-gc=auto --enable-multiarch --disable-werror --with-arch-32=i686 --with-abi=m64 --with-multilib-list=m32,m64,mx32 --enable-multilib --with-tune=generic --enable-offload-targets=nvptx-none=/build/gcc-9-9QDOt0/gcc-9-9.4.0/debian/tmp-nvptx/usr,hsa --without-cuda-driver --enable-checking=release --build=x86_64-linux-gnu --host=x86_64-linux-gnu --target=x86_64-linux-gnu
Thread model: posix
gcc version 9.4.0 (Ubuntu 9.4.0-1ubuntu1~20.04.2) 
COLLECT_GCC_OPTIONS='-v' '-o' 'CMakeFiles/cmTC_35d5d.dir/CMakeCXXCompilerABI.cpp.o' '-c' '-shared-libgcc' '-mtune=generic' '-march=x86-64'
 /usr/lib/gcc/x86_64-linux-gnu/9/cc1plus -quiet -v -imultiarch x86_64-linux-gnu -D_GNU_SOURCE /usr/share/cmake-3.16/Modules/CMakeCXXCompilerABI.cpp -quiet -dumpbase CMakeCXXCompilerABI.cpp -mtune=generic -march=x86-64 -auxbase-strip CMakeFiles/cmTC_35d5d.dir/CMakeCXXCompilerABI.cpp.o -version -fasynchronous-unwind-tables -fstack-protector-strong -Wformat -Wformat-security -fstack-clash-protection -fcf-protection -o /tmp/ccsQplC3.s
GNU C++14 (Ubuntu 9.4.0-1ubuntu1~20.04.2) version 9.4.0 (x86_64-linux-gnu)
	compiled by GNU C version 9.4.0, GMP version 6.2.0, MPFR version 4.0.2, MPC version 1.1.0, isl version isl-0.22.1-GMP

GGC heuristics: --param ggc-min-expand=100 --param ggc-min-heapsize=131072
ignoring duplicate directory "/usr/include/x86_64-linux-gnu/c++/9"
ignoring nonexistent directory "/usr/local/include/x86_64-linux-gnu"
ignoring nonexistent directory "/usr/lib/gcc/x86_64-linux-gnu/9/include-fixed"
ignoring nonexistent directory "/usr/lib/gcc/x86_64-linux-gnu/9/../../../../x86_64-linux-gnu/include"
#include "..." search starts here:
#include <...> search starts here:
 /usr/include/c++/9
 /usr/include/x86_64-linux-gnu/c++/9
 /usr/include/c++/9/backward
 /usr/lib/gcc/x86_64-linux-gnu/9/include
 /usr/local/include
 /usr/include/x86_64-linux-gnu
 /usr/include
End of search list.
GNU C++14 (Ubuntu 9.4.0-1ubuntu1~20.04.2) version 9.4.0 (x86_64-linux-gnu)
	compiled by GNU C version 9.4.0, GMP version 6.2.0, MPFR version 4.0.2, MPC version 1.1.0, isl version isl-0.22.1-GMP

GGC heuristics: --param ggc-min-expand=100 --param ggc-min-heapsize=131072
Compiler executable checksum: 3d1eba838554fa2348dba760e4770469
COLLECT_GCC_OPTIONS='-v' '-o' 'CMakeFiles/cmTC_35d5d.dir/CMakeCXXCompilerABI.cpp.o' '-c' '-shared-libgcc' '-mtune=generic' '-march=x86-64'
 as -v --64 -o CMakeFiles/cmTC_35d5d.dir/CMakeCXXCompilerABI.cpp.o /tmp/ccsQplC3.s
GNU assembler version 2.34 (x86_64-linux-gnu) using BFD version (GNU Binutils for Ubuntu) 2.34
COMPILER_PATH=/usr/lib/gcc/x86_64-linux-gnu/9/:/usr/lib/gcc/x86_64-linux-gnu/9/:/usr/lib/gcc/x86_64-linux-gnu/:/usr/lib/gcc/x86_64-linux-gnu/9/:/usr/lib/gcc/x86_64-linux-gnu/
LIBRARY_PATH=/usr/lib/gcc/x86_64-linux-gnu/9/:/usr/lib/gcc/x86_64-linux-gnu/9/../../../x86_64-linux-gnu/:/usr/lib/gcc/x86_64-linux-gnu/9/../../../../lib/:/lib/x86_64-linux-gnu/:/lib/../lib/:/usr/lib/x86_64-linux-gnu/:/usr/lib/../lib/:/usr/lib/gcc/x86_64-linux-gnu/9/../../../:/lib/:/usr/lib/
COLLECT_GCC_OPTIONS='-v' '-o' 'CMakeFiles/cmTC_35d5d.dir/CMakeCXXCompilerABI.cpp.o' '-c' '-shared-libgcc' '-mtune=generic' '-march=x86-64'
Linking CXX executable cmTC_35d5d
/usr/bin/cmake -E cmake_link_script CMakeFiles/cmTC_35d5d.dir/link.txt --verbose=1
/usr/bin/c++      -v -rdynamic CMakeFiles/cmTC_35d5d.dir/CMakeCXXCompilerABI.cpp.o  -o cmTC_35d5d 
Using built-in specs.
COLLECT_GCC=/usr/bin/c++
COLLECT_LTO_WRAPPER=/usr/lib/gcc/x86_64-linux-gnu/9/lto-wrapper
OFFLOAD_TARGET_NAMES=nvptx-none:hsa
OFFLOAD_TARGET_DEFAULT=1
Target: x86_64-linux-gnu
Configured with: ../src/configure -v --with-pkgversion='Ubuntu 9.4.0-1ubuntu1~20.04.2' --with-bugurl=file:///usr/share/doc/gcc-9/README.Bugs --enable-languages=c,ada,c++,go,brig,d,fortran,objc,obj-c++,gm2 --prefix=/usr --with-gcc-major-version-only --program-suffix=-9 --program-prefix=x86_64-linux-gnu- --enable-shared --enable-linker-build-id --libexecdir=/usr/lib --without-included-gettext --enable-threads=posix --libdir=/usr/lib --enable-nls --enable-clocale=gnu --enable-libstdcxx-debug --enable-libstdcxx-time=yes --with-default-libstdcxx-abi=new --enable-gnu-unique-object --disable-vtable-verify --enable-plugin --enable-default-pie --with-system-zlib --with-target-system-zlib=auto --enable-objc-gc=auto --enable-multiarch --disable-werror --with-arch-32=i686 --with-abi=m64 --with-multilib-list=m32,m64,mx32 --enable-multilib --with-tune=generic --enable-offload-targets=nvptx-none=/build/gcc-9-9QDOt0/gcc-9-9.4.0/debian/tmp-nvptx/usr,hsa --without-cuda-driver --enable-checking=release --build=x86_64-linux-gnu --host=x86_64-linux-gnu --target=x86_64-linux-gnu
Thread model: posix
gcc version 9.4.0 (Ubuntu 9.4.0-1ubuntu1~20.04.2) 
COMPILER_PATH=/usr/lib/gcc/x86_64-linux-gnu/9/:/usr/lib/gcc/x86_64-linux-gnu/9/:/usr/lib/gcc/x86_64-linux-gnu/:/usr/lib/gcc/x86_64-linux-gnu/9/:/usr/lib/gcc/x86_64-linux-gnu/
LIBRARY_PATH=/usr/lib/gcc/x86_64-linux-gnu/9/:/usr/lib/gcc/x86_64-linux-gnu/9/../../../x86_64-linux-gnu/:/usr/lib/gcc/x86_64-linux-gnu/9/../../../../lib/:/lib/x86_64-linux-gnu/:/lib/../lib/:/usr/lib/x86_64-linux-gnu/:/usr/lib/../lib/:/usr/lib/gcc/x86_64-linux-gnu/9/../../../:/lib/:/usr/lib/
COLLECT_GCC_OPTIONS='-v' '-rdynamic' '-o' 'cmTC_35d5d' '-shared-libgcc' '-mtune=generic' '-march=x86-64'
 /usr/lib/gcc/x86_64-linux-gnu/9/collect2 -plugin /usr/lib/gcc/x86_64-linux-gnu/9/liblto_plugin.so -plugin-opt=/usr/lib/gcc/x86_64-linux-gnu/9/lto-wrapper -plugin-opt=-fresolution=/tmp/cc6Ey1Du.res -plugin-opt=-pass-through=-lgcc_s -plugin-opt=-pass-through=-lgcc -plugin-opt=-pass-through=-lc -plugin-opt=-pass-through=-lgcc_s -plugin-opt=-pass-through=-lgcc --build-id --eh-frame-hdr -m elf_x86_64 --hash-style=gnu --as-needed -export-dynamic -dynamic-linker /lib64/ld-linux-x86-64.so.2 -pie -z now -z relro -o cmTC_35d5d /usr/lib/gcc/x86_64-linux-gnu/9/../../../x86_64-linux-gnu/Scrt1.o /usr/lib/gcc/x86_64-linux-gnu/9/../../../x86_64-linux-gnu/crti.o /usr/lib/gcc/x86_64-linux-gnu/9/crtbeginS.o -L/usr/lib/gcc/x86_64-linux-gnu/9 -L/usr/lib/gcc/x86_64-linux-gnu/9/../../../x86_64-linux-gnu -L/usr/lib/gcc/x86_64-linux-gnu/9/../../../../lib -L/lib/x86_64-linux-gnu -L/lib/../lib -L/usr/lib/x86_64-linux-gnu -L/usr/lib/../lib -L/usr/lib/gcc/x86_64-linux-gnu/9/../../.. CMakeFiles/cmTC_35d5d.dir/CMakeCXXCompilerABI.cpp.o -lstdc++ -lm -lgcc_s -lgcc -lc -lgcc_s -lgcc /usr/lib/gcc/x86_64-linux-gnu/9/crtendS.o /usr/lib/gcc/x86_64-linux-gnu/9/../../../x86_64-linux-gnu/crtn.o
COLLECT_GCC_OPTIONS='-v' '-rdynamic' '-o' 'cmTC_35d5d' '-shared-libgcc' '-mtune=generic' '-march=x86-64'
make[1]: Leaving directory '/home/yongjian/Yongjian_data/my_python/pythonknot/src/cpp_module/ginac/build/CMakeFiles/CMakeTmp'



Parsed CXX implicit include dir info from above output: rv=done
  found start of include info
  found start of implicit include info
    add: [/usr/include/c++/9]
    add: [/usr/include/x86_64-linux-gnu/c++/9]
    add: [/usr/include/c++/9/backward]
    add: [/usr/lib/gcc/x86_64-linux-gnu/9/include]
    add: [/usr/local/include]
    add: [/usr/include/x86_64-linux-gnu]
    add: [/usr/include]
  end of search list found
  collapse include dir [/usr/include/c++/9] ==> [/usr/include/c++/9]
  collapse include dir [/usr/include/x86_64-linux-gnu/c++/9] ==> [/usr/include/x86_64-linux-gnu/c++/9]
  collapse include dir [/usr/include/c++/9/backward] ==> [/usr/include/c++/9/backward]
  collapse include dir [/usr/lib/gcc/x86_64-linux-gnu/9/include] ==> [/usr/lib/gcc/x86_64-linux-gnu/9/include]
  collapse include dir [/usr/local/include] ==> [/usr/local/include]
  collapse include dir [/usr/include/x86_64-linux-gnu] ==> [/usr/include/x86_64-linux-gnu]
  collapse include dir [/usr/include] ==> [/usr/include]
  implicit include dirs: [/usr/include/c++/9;/usr/include/x86_64-linux-gnu/c++/9;/usr/include/c++/9/backward;/usr/lib/gcc/x86_64-linux-gnu/9/include;/usr/local/include;/usr/include/x86_64-linux-gnu;/usr/include]


Parsed CXX implicit link information from above output:
  link line regex: [^( *|.*[/\])(ld|CMAKE_LINK_STARTFILE-NOTFOUND|([^/\]+-)?ld|collect2)[^/\]*( |$)]
  ignore line: [Change Dir: /home/yongjian/Yongjian_data/my_python/pythonknot/src/cpp_module/ginac/build/CMakeFiles/CMakeTmp]
  ignore line: []
  ignore line: [Run Build Command(s):/usr/bin/make cmTC_35d5d/fast && /usr/bin/make -f CMakeFiles/cmTC_35d5d.dir/build.make CMakeFiles/cmTC_35d5d.dir/build]
  ignore line: [make[1]: Entering directory '/home/yongjian/Yongjian_data/my_python/pythonknot/src/cpp_module/ginac/build/CMakeFiles/CMakeTmp']
  ignore line: [Building CXX object CMakeFiles/cmTC_35d5d.dir/CMakeCXXCompilerABI.cpp.o]
  ignore line: [/usr/bin/c++    -v -o CMakeFiles/cmTC_35d5d.dir/CMakeCXXCompilerABI.cpp.o -c /usr/share/cmake-3.16/Modules/CMakeCXXCompilerABI.cpp]
  ignore line: [Using built-in specs.]
  ignore line: [COLLECT_GCC=/usr/bin/c++]
  ignore line: [OFFLOAD_TARGET_NAMES=nvptx-none:hsa]
  ignore line: [OFFLOAD_TARGET_DEFAULT=1]
  ignore line: [Target: x86_64-linux-gnu]
  ignore line: [Configured with: ../src/configure -v --with-pkgversion='Ubuntu 9.4.0-1ubuntu1~20.04.2' --with-bugurl=file:///usr/share/doc/gcc-9/README.Bugs --enable-languages=c ada c++ go brig d fortran objc obj-c++ gm2 --prefix=/usr --with-gcc-major-version-only --program-suffix=-9 --program-prefix=x86_64-linux-gnu- --enable-shared --enable-linker-build-id --libexecdir=/usr/lib --without-included-gettext --enable-threads=posix --libdir=/usr/lib --enable-nls --enable-clocale=gnu --enable-libstdcxx-debug --enable-libstdcxx-time=yes --with-default-libstdcxx-abi=new --enable-gnu-unique-object --disable-vtable-verify --enable-plugin --enable-default-pie --with-system-zlib --with-target-system-zlib=auto --enable-objc-gc=auto --enable-multiarch --disable-werror --with-arch-32=i686 --with-abi=m64 --with-multilib-list=m32 m64 mx32 --enable-multilib --with-tune=generic --enable-offload-targets=nvptx-none=/build/gcc-9-9QDOt0/gcc-9-9.4.0/debian/tmp-nvptx/usr hsa --without-cuda-driver --enable-checking=release --build=x86_64-linux-gnu --host=x86_64-linux-gnu --target=x86_64-linux-gnu]
  ignore line: [Thread model: posix]
  ignore line: [gcc version 9.4.0 (Ubuntu 9.4.0-1ubuntu1~20.04.2) ]
  ignore line: [COLLECT_GCC_OPTIONS='-v' '-o' 'CMakeFiles/cmTC_35d5d.dir/CMakeCXXCompilerABI.cpp.o' '-c' '-shared-libgcc' '-mtune=generic' '-march=x86-64']
  ignore line: [ /usr/lib/gcc/x86_64-linux-gnu/9/cc1plus -quiet -v -imultiarch x86_64-linux-gnu -D_GNU_SOURCE /usr/share/cmake-3.16/Modules/CMakeCXXCompilerABI.cpp -quiet -dumpbase CMakeCXXCompilerABI.cpp -mtune=generic -march=x86-64 -auxbase-strip CMakeFiles/cmTC_35d5d.dir/CMakeCXXCompilerABI.cpp.o -version -fasynchronous-unwind-tables -fstack-protector-strong -Wformat -Wformat-security -fstack-clash-protection -fcf-protection -o /tmp/ccsQplC3.s]
  ignore line: [GNU C++14 (Ubuntu 9.4.0-1ubuntu1~20.04.2) version 9.4.0 (x86_64-linux-gnu)]
  ignore line: [	compiled by GNU C version 9.4.0  GMP version 6.2.0  MPFR version 4.0.2  MPC version 1.1.0  isl version isl-0.22.1-GMP]
  ignore line: []
  ignore line: [GGC heuristics: --param ggc-min-expand=100 --param ggc-min-heapsize=131072]
  ignore line: [ignoring duplicate directory "/usr/include/x86_64-linux-gnu/c++/9"]
  ignore line: [ignoring nonexistent directory "/usr/local/include/x86_64-linux-gnu"]
  ignore line: [ignoring nonexistent directory "/usr/lib/gcc/x86_64-linux-gnu/9/include-fixed"]
  ignore line: [ignoring nonexistent directory "/usr/lib/gcc/x86_64-linux-gnu/9/../../../../x86_64-linux-gnu/include"]
  ignore line: [#include "..." search starts here:]
  ignore line: [#include <...> search starts here:]
  ignore line: [ /usr/include/c++/9]
  ignore line: [ /usr/include/x86_64-linux-gnu/c++/9]
  ignore line: [ /usr/include/c++/9/backward]
  ignore line: [ /usr/lib/gcc/x86_64-linux-gnu/9/include]
  ignore line: [ /usr/local/include]
  ignore line: [ /usr/include/x86_64-linux-gnu]
  ignore line: [ /usr/include]
  ignore line: [End of search list.]
  ignore line: [GNU C++14 (Ubuntu 9.4.0-1ubuntu1~20.04.2) version 9.4.0 (x86_64-linux-gnu)]
  ignore line: [	compiled by GNU C version 9.4.0  GMP version 6.2.0  MPFR version 4.0.2  MPC version 1.1.0  isl version isl-0.22.1-GMP]
  ignore line: []
  ignore line: [GGC heuristics: --param ggc-min-expand=100 --param ggc-min-heapsize=131072]
  ignore line: [Compiler executable checksum: 3d1eba838554fa2348dba760e4770469]
  ignore line: [COLLECT_GCC_OPTIONS='-v' '-o' 'CMakeFiles/cmTC_35d5d.dir/CMakeCXXCompilerABI.cpp.o' '-c' '-shared-libgcc' '-mtune=generic' '-march=x86-64']
  ignore line: [ as -v --64 -o CMakeFiles/cmTC_35d5d.dir/CMakeCXXCompilerABI.cpp.o /tmp/ccsQplC3.s]
  ignore line: [GNU assembler version 2.34 (x86_64-linux-gnu) using BFD version (GNU Binutils for Ubuntu) 2.34]
  ignore line: [COMPILER_PATH=/usr/lib/gcc/x86_64-linux-gnu/9/:/usr/lib/gcc/x86_64-linux-gnu/9/:/usr/lib/gcc/x86_64-linux-gnu/:/usr/lib/gcc/x86_64-linux-gnu/9/:/usr/lib/gcc/x86_64-linux-gnu/]
  ignore line: [LIBRARY_PATH=/usr/lib/gcc/x86_64-linux-gnu/9/:/usr/lib/gcc/x86_64-linux-gnu/9/../../../x86_64-linux-gnu/:/usr/lib/gcc/x86_64-linux-gnu/9/../../../../lib/:/lib/x86_64-linux-gnu/:/lib/../lib/:/usr/lib/x86_64-linux-gnu/:/usr/lib/../lib/:/usr/lib/gcc/x86_64-linux-gnu/9/../../../:/lib/:/usr/lib/]
  ignore line: [COLLECT_GCC_OPTIONS='-v' '-o' 'CMakeFiles/cmTC_35d5d.dir/CMakeCXXCompilerABI.cpp.o' '-c' '-shared-libgcc' '-mtune=generic' '-march=x86-64']
  ignore line: [Linking CXX executable cmTC_35d5d]
  ignore line: [/usr/bin/cmake -E cmake_link_script CMakeFiles/cmTC_35d5d.dir/link.txt --verbose=1]
  ignore line: [/usr/bin/c++      -v -rdynamic CMakeFiles/cmTC_35d5d.dir/CMakeCXXCompilerABI.cpp.o  -o cmTC_35d5d ]
  ignore line: [Using built-in specs.]
  ignore line: [COLLECT_GCC=/usr/bin/c++]
  ignore line: [COLLECT_LTO_WRAPPER=/usr/lib/gcc/x86_64-linux-gnu/9/lto-wrapper]
  ignore line: [OFFLOAD_TARGET_NAMES=nvptx-none:hsa]
  ignore line: [OFFLOAD_TARGET_DEFAULT=1]
  ignore line: [Target: x86_64-linux-gnu]
  ignore line: [Configured with: ../src/configure -v --with-pkgversion='Ubuntu 9.4.0-1ubuntu1~20.04.2' --with-bugurl=file:///usr/share/doc/gcc-9/README.Bugs --enable-languages=c ada c++ go brig d fortran objc obj-c++ gm2 --prefix=/usr --with-gcc-major-version-only --program-suffix=-9 --program-prefix=x86_64-linux-gnu- --enable-shared --enable-linker-build-id --libexecdir=/usr/lib --without-included-gettext --enable-threads=posix --libdir=/usr/lib --enable-nls --enable-clocale=gnu --enable-libstdcxx-debug --enable-libstdcxx-time=yes --with-default-libstdcxx-abi=new --enable-gnu-unique-object --disable-vtable-verify --enable-plugin --enable-default-pie --with-system-zlib --with-target-system-zlib=auto --enable-objc-gc=auto --enable-multiarch --disable-werror --with-arch-32=i686 --with-abi=m64 --with-multilib-list=m32 m64 mx32 --enable-multilib --with-tune=generic --enable-offload-targets=nvptx-none=/build/gcc-9-9QDOt0/gcc-9-9.4.0/debian/tmp-nvptx/usr hsa --without-cuda-driver --enable-checking=release --build=x86_64-linux-gnu --host=x86_64-linux-gnu --target=x86_64-linux-gnu]
  ignore line: [Thread model: posix]
  ignore line: [gcc version 9.4.0 (Ubuntu 9.4.0-1ubuntu1~20.04.2) ]
  ignore line: [COMPILER_PATH=/usr/lib/gcc/x86_64-linux-gnu/9/:/usr/lib/gcc/x86_64-linux-gnu/9/:/usr/lib/gcc/x86_64-linux-gnu/:/usr/lib/gcc/x86_64-linux-gnu/9/:/usr/lib/gcc/x86_64-linux-gnu/]
  ignore line: [LIBRARY_PATH=/usr/lib/gcc/x86_64-linux-gnu/9/:/usr/lib/gcc/x86_64-linux-gnu/9/../../../x86_64-linux-gnu/:/usr/lib/gcc/x86_64-linux-gnu/9/../../../../lib/:/lib/x86_64-linux-gnu/:/lib/../lib/:/usr/lib/x86_64-linux-gnu/:/usr/lib/../lib/:/usr/lib/gcc/x86_64-linux-gnu/9/../../../:/lib/:/usr/lib/]
  ignore line: [COLLECT_GCC_OPTIONS='-v' '-rdynamic' '-o' 'cmTC_35d5d' '-shared-libgcc' '-mtune=generic' '-march=x86-64']
  link line: [ /usr/lib/gcc/x86_64-linux-gnu/9/collect2 -plugin /usr/lib/gcc/x86_64-linux-gnu/9/liblto_plugin.so -plugin-opt=/usr/lib/gcc/x86_64-linux-gnu/9/lto-wrapper -plugin-opt=-fresolution=/tmp/cc6Ey1Du.res -plugin-opt=-pass-through=-lgcc_s -plugin-opt=-pass-through=-lgcc -plugin-opt=-pass-through=-lc -plugin-opt=-pass-through=-lgcc_s -plugin-opt=-pass-through=-lgcc --build-id --eh-frame-hdr -m elf_x86_64 --hash-style=gnu --as-needed -export-dynamic -dynamic-linker /lib64/ld-linux-x86-64.so.2 -pie -z now -z relro -o cmTC_35d5d /usr/lib/gcc/x86_64-linux-gnu/9/../../../x86_64-linux-gnu/Scrt1.o /usr/lib/gcc/x86_64-linux-gnu/9/../../../x86_64-linux-gnu/crti.o /usr/lib/gcc/x86_64-linux-gnu/9/crtbeginS.o -L/usr/lib/gcc/x86_64-linux-gnu/9 -L/usr/lib/gcc/x86_64-linux-gnu/9/../../../x86_64-linux-gnu -L/usr/lib/gcc/x86_64-linux-gnu/9/../../../../lib -L/lib/x86_64-linux-gnu -L/lib/../lib -L/usr/lib/x86_64-linux-gnu -L/usr/lib/../lib -L/usr/lib/gcc/x86_64-linux-gnu/9/../../.. CMakeFiles/cmTC_35d5d.dir/CMakeCXXCompilerABI.cpp.o -lstdc++ -lm -lgcc_s -lgcc -lc -lgcc_s -lgcc /usr/lib/gcc/x86_64-linux-gnu/9/crtendS.o /usr/lib/gcc/x86_64-linux-gnu/9/../../../x86_64-linux-gnu/crtn.o]
    arg [/usr/lib/gcc/x86_64-linux-gnu/9/collect2] ==> ignore
    arg [-plugin] ==> ignore
    arg [/usr/lib/gcc/x86_64-linux-gnu/9/liblto_plugin.so] ==> ignore
    arg [-plugin-opt=/usr/lib/gcc/x86_64-linux-gnu/9/lto-wrapper] ==> ignore
    arg [-plugin-opt=-fresolution=/tmp/cc6Ey1Du.res] ==> ignore
    arg [-plugin-opt=-pass-through=-lgcc_s] ==> ignore
    arg [-plugin-opt=-pass-through=-lgcc] ==> ignore
    arg [-plugin-opt=-pass-through=-lc] ==> ignore
    arg [-plugin-opt=-pass-through=-lgcc_s] ==> ignore
    arg [-plugin-opt=-pass-through=-lgcc] ==> ignore
    arg [--build-id] ==> ignore
    arg [--eh-frame-hdr] ==> ignore
    arg [-m] ==> ignore
    arg [elf_x86_64] ==> ignore
    arg [--hash-style=gnu] ==> ignore
    arg [--as-needed] ==> ignore
    arg [-export-dynamic] ==> ignore
    arg [-dynamic-linker] ==> ignore
    arg [/lib64/ld-linux-x86-64.so.2] ==> ignore
    arg [-pie] ==> ignore
    arg [-znow] ==> ignore
    arg [-zrelro] ==> ignore
    arg [-o] ==> ignore
    arg [cmTC_35d5d] ==> ignore
    arg [/usr/lib/gcc/x86_64-linux-gnu/9/../../../x86_64-linux-gnu/Scrt1.o] ==> ignore
    arg [/usr/lib/gcc/x86_64-linux-gnu/9/../../../x86_64-linux-gnu/crti.o] ==> ignore
    arg [/usr/lib/gcc/x86_64-linux-gnu/9/crtbeginS.o] ==> ignore
    arg [-L/usr/lib/gcc/x86_64-linux-gnu/9] ==> dir [/usr/lib/gcc/x86_64-linux-gnu/9]
    arg [-L/usr/lib/gcc/x86_64-linux-gnu/9/../../../x86_64-linux-gnu] ==> dir [/usr/lib/gcc/x86_64-linux-gnu/9/../../../x86_64-linux-gnu]
    arg [-L/usr/lib/gcc/x86_64-linux-gnu/9/../../../../lib] ==> dir [/usr/lib/gcc/x86_64-linux-gnu/9/../../../../lib]
    arg [-L/lib/x86_64-linux-gnu] ==> dir [/lib/x86_64-linux-gnu]
    arg [-L/lib/../lib] ==> dir [/lib/../lib]
    arg [-L/usr/lib/x86_64-linux-gnu] ==> dir [/usr/lib/x86_64-linux-gnu]
    arg [-L/usr/lib/../lib] ==> dir [/usr/lib/../lib]
    arg [-L/usr/lib/gcc/x86_64-linux-gnu/9/../../..] ==> dir [/usr/lib/gcc/x86_64-linux-gnu/9/../../..]
    arg [CMakeFiles/cmTC_35d5d.dir/CMakeCXXCompilerABI.cpp.o] ==> ignore
    arg [-lstdc++] ==> lib [stdc++]
    arg [-lm] ==> lib [m]
    arg [-lgcc_s] ==> lib [gcc_s]
    arg [-lgcc] ==> lib [gcc]
    arg [-lc] ==> lib [c]
    arg [-lgcc_s] ==> lib [gcc_s]
    arg [-lgcc] ==> lib [gcc]
    arg [/usr/lib/gcc/x86_64-linux-gnu/9/crtendS.o] ==> ignore
    arg [/usr/lib/gcc/x86_64-linux-gnu/9/../../../x86_64-linux-gnu/crtn.o] ==> ignore
  collapse library dir [/usr/lib/gcc/x86_64-linux-gnu/9] ==> [/usr/lib/gcc/x86_64-linux-gnu/9]
  collapse library dir [/usr/lib/gcc/x86_64-linux-gnu/9/../../../x86_64-linux-gnu] ==> [/usr/lib/x86_64-linux-gnu]
  collapse library dir [/usr/lib/gcc/x86_64-linux-gnu/9/../../../../lib] ==> [/usr/lib]
  collapse library dir [/lib/x86_64-linux-gnu] ==> [/lib/x86_64-linux-gnu]
  collapse library dir [/lib/../lib] ==> [/lib]
  collapse library dir [/usr/lib/x86_64-linux-gnu] ==> [/usr/lib/x86_64-linux-gnu]
  collapse library dir [/usr/lib/../lib] ==> [/usr/lib]
  collapse library dir [/usr/lib/gcc/x86_64-linux-gnu/9/../../..] ==> [/usr/lib]
  implicit libs: [stdc++;m;gcc_s;gcc;c;gcc_s;gcc]
  implicit dirs: [/usr/lib/gcc/x86_64-linux-gnu/9;/usr/lib/x86_64-linux-gnu;/usr/lib;/lib/x86_64-linux-gnu;/lib]
  implicit fwks: []


Performing C++ SOURCE FILE Test _cl_version_matches succeeded with the following output:
Change Dir: /home/yongjian/Yongjian_data/my_python/pythonknot/src/cpp_module/ginac/build/CMakeFiles/CMakeTmp

Run Build Command(s):/usr/bin/make cmTC_2ed10/fast && /usr/bin/make -f CMakeFiles/cmTC_2ed10.dir/build.make CMakeFiles/cmTC_2ed10.dir/build
make[1]: Entering directory '/home/yongjian/Yongjian_data/my_python/pythonknot/src/cpp_module/ginac/build/CMakeFiles/CMakeTmp'
Building CXX object CMakeFiles/cmTC_2ed10.dir/src.cxx.o
/usr/bin/c++    -D_cl_version_matches   -o CMakeFiles/cmTC_2ed10.dir/src.cxx.o -c /home/yongjian/Yongjian_data/my_python/pythonknot/src/cpp_module/ginac/build/CMakeFiles/CMakeTmp/src.cxx
Linking CXX executable cmTC_2ed10
/usr/bin/cmake -E cmake_link_script CMakeFiles/cmTC_2ed10.dir/link.txt --verbose=1
/usr/bin/c++   -D_cl_version_matches    -rdynamic CMakeFiles/cmTC_2ed10.dir/src.cxx.o  -o cmTC_2ed10  /usr/lib/x86_64-linux-gnu/libcln.so 
make[1]: Leaving directory '/home/yongjian/Yongjian_data/my_python/pythonknot/src/cpp_module/ginac/build/CMakeFiles/CMakeTmp'


...and run output:

Return value: 1
Source file was:

		#include <cln/version.h>
		int main() {
			return (CL_VERSION_MAJOR == cln::version_major) &&
			       (CL_VERSION_MINOR == cln::version_minor) &&
			       (CL_VERSION_PATCHLEVEL == cln::version_patchlevel) ? 0 : 1;
		}
		
Determining if the include file unistd.h exists passed with the following output:
Change Dir: /home/yongjian/Yongjian_data/my_python/pythonknot/src/cpp_module/ginac/build/CMakeFiles/CMakeTmp

Run Build Command(s):/usr/bin/make cmTC_227fa/fast && /usr/bin/make -f CMakeFiles/cmTC_227fa.dir/build.make CMakeFiles/cmTC_227fa.dir/build
make[1]: Entering directory '/home/yongjian/Yongjian_data/my_python/pythonknot/src/cpp_module/ginac/build/CMakeFiles/CMakeTmp'
Building C object CMakeFiles/cmTC_227fa.dir/CheckIncludeFile.c.o
/home/yongjian/anaconda3/envs/yongjian_conda/bin/cc    -o CMakeFiles/cmTC_227fa.dir/CheckIncludeFile.c.o   -c /home/yongjian/Yongjian_data/my_python/pythonknot/src/cpp_module/ginac/build/CMakeFiles/CMakeTmp/CheckIncludeFile.c
Linking C executable cmTC_227fa
/usr/bin/cmake -E cmake_link_script CMakeFiles/cmTC_227fa.dir/link.txt --verbose=1
/home/yongjian/anaconda3/envs/yongjian_conda/bin/cc      -rdynamic CMakeFiles/cmTC_227fa.dir/CheckIncludeFile.c.o  -o cmTC_227fa 
make[1]: Leaving directory '/home/yongjian/Yongjian_data/my_python/pythonknot/src/cpp_module/ginac/build/CMakeFiles/CMakeTmp'



Performing C++ SOURCE FILE Test _rl_version_check succeeded with the following output:
Change Dir: /home/yongjian/Yongjian_data/my_python/pythonknot/src/cpp_module/ginac/build/CMakeFiles/CMakeTmp

Run Build Command(s):/usr/bin/make cmTC_97178/fast && /usr/bin/make -f CMakeFiles/cmTC_97178.dir/build.make CMakeFiles/cmTC_97178.dir/build
make[1]: Entering directory '/home/yongjian/Yongjian_data/my_python/pythonknot/src/cpp_module/ginac/build/CMakeFiles/CMakeTmp'
Building CXX object CMakeFiles/cmTC_97178.dir/src.cxx.o
/usr/bin/c++    -D_rl_version_check   -o CMakeFiles/cmTC_97178.dir/src.cxx.o -c /home/yongjian/Yongjian_data/my_python/pythonknot/src/cpp_module/ginac/build/CMakeFiles/CMakeTmp/src.cxx
Linking CXX executable cmTC_97178
/usr/bin/cmake -E cmake_link_script CMakeFiles/cmTC_97178.dir/link.txt --verbose=1
/usr/bin/c++   -D_rl_version_check    -rdynamic CMakeFiles/cmTC_97178.dir/src.cxx.o  -o cmTC_97178 
make[1]: Leaving directory '/home/yongjian/Yongjian_data/my_python/pythonknot/src/cpp_module/ginac/build/CMakeFiles/CMakeTmp'


Source file was:

		#include <cstdio>
		#include <readline/readline.h>
		#if !defined(RL_VERSION_MAJOR) || !defined(RL_VERSION_MINOR)
		#error Ancient version of readline
		#endif
		int main() { return 0; }
		
